<?xml version="1.0" encoding="UTF-8"?>
<!-- Generated by org.testng.reporters.JUnitXMLReporter -->
<testsuite ignored="0" hostname="DESKTOP-GB5NP6M" failures="0" tests="3" name="Default test" time="0.135" errors="0" timestamp="2023-12-27T19:53:02 IST">
  <testcase classname="parameterization.TestParameterization" name="doLogin" time="0.018"/>
  <testcase classname="parameterization.TestParameterization" name="doLogin" time="0.003"/>
  <testcase classname="parameterization.TestParameterization" name="doLogin" time="0.003"/>
</testsuite> <!-- Default test -->
