<?xml version="1.0" encoding="UTF-8"?>
<!-- Generated by org.testng.reporters.JUnitXMLReporter -->
<testsuite ignored="0" hostname="DESKTOP-GB5NP6M" failures="0" tests="3" name="MyGroups" time="0.084" errors="0" timestamp="2022-10-17T23:12:08 IST">
  <testcase classname="testcases.TestNGGroups" name="test_method1" time="0.016"/>
  <testcase classname="testcases.TestNGGroups" name="test_method2" time="0.006"/>
  <testcase classname="testcases.TestNGGroups" name="test_method3" time="0.003"/>
</testsuite> <!-- MyGroups -->
