<?xml version="1.0" encoding="UTF-8"?>
<testng-results skipped="0" failed="0" ignored="0" total="1" passed="1">
  <reporter-output>
  </reporter-output>
  <suite name="Default suite" duration-ms="37027" started-at="2021-03-01T15:54:28Z" finished-at="2021-03-01T15:55:05Z">
    <groups>
    </groups>
    <test name="Default test" duration-ms="37027" started-at="2021-03-01T15:54:28Z" finished-at="2021-03-01T15:55:05Z">
      <class name="VerifyWordpressLogin">
        <test-method status="PASS" signature="verifyValidLogin()[pri:0, instance:VerifyWordpressLogin@52aa2946]" name="verifyValidLogin" duration-ms="36941" started-at="2021-03-01T21:24:28Z" finished-at="2021-03-01T21:25:05Z">
          <reporter-output>
          </reporter-output>
        </test-method> <!-- verifyValidLogin -->
      </class> <!-- VerifyWordpressLogin -->
    </test> <!-- Default test -->
  </suite> <!-- Default suite -->
</testng-results>
