<?xml version="1.0" encoding="UTF-8"?>
<!-- Generated by org.testng.reporters.JUnitXMLReporter -->
<testsuite ignored="0" hostname="DESKTOP-GB5NP6M" failures="0" tests="3" name="Test" time="74.381" errors="0" timestamp="2024-01-04T01:35:34 IST">
  <testcase classname="listeners.ListenerTestNGTestCase" name="TestToPass" time="72.318"/>
  <testcase classname="listeners.ListenerTestNGTestCase" name="TestToSkip" time="0.004">
    <skipped/>
  </testcase> <!-- TestToSkip -->
  <testcase classname="listeners.ListenerTestNGTestCase" name="TestToFail" time="1.922"/>
</testsuite> <!-- Test -->
